0 info it worked if it ends with ok
1 verbose cli [ '/Users/michael.wong/.nvm/versions/node/v4.2.6/bin/node',
1 verbose cli   '/Users/michael.wong/.nvm/versions/node/v4.2.6/bin/npm',
1 verbose cli   'run',
1 verbose cli   'serve' ]
2 info using npm@3.10.10
3 info using node@v4.2.6
4 verbose run-script [ 'preserve', 'serve', 'postserve' ]
5 info lifecycle ub-react-static-site-generator@1.0.0~preserve: ub-react-static-site-generator@1.0.0
6 silly lifecycle ub-react-static-site-generator@1.0.0~preserve: no script for preserve, continuing
7 info lifecycle ub-react-static-site-generator@1.0.0~serve: ub-react-static-site-generator@1.0.0
8 verbose lifecycle ub-react-static-site-generator@1.0.0~serve: unsafe-perm in lifecycle true
9 verbose lifecycle ub-react-static-site-generator@1.0.0~serve: PATH: /Users/michael.wong/.nvm/versions/node/v4.2.6/lib/node_modules/npm/bin/node-gyp-bin:/Users/michael.wong/projects/ub-react/node_modules/.bin:/usr/local/php5/bin:/Users/michael.wong/.nvm/versions/node/v4.2.6/bin:/usr/local/bin:/usr/bin:/bin:/usr/sbin:/sbin:/usr/local/MacGPG2/bin
10 verbose lifecycle ub-react-static-site-generator@1.0.0~serve: CWD: /Users/michael.wong/projects/ub-react
11 silly lifecycle ub-react-static-site-generator@1.0.0~serve: Args: [ '-c', 'serve dist -p 3000' ]
12 silly lifecycle ub-react-static-site-generator@1.0.0~serve: Returned: code: 1  signal: null
13 info lifecycle ub-react-static-site-generator@1.0.0~serve: Failed to exec serve script
14 verbose stack Error: ub-react-static-site-generator@1.0.0 serve: `serve dist -p 3000`
14 verbose stack Exit status 1
14 verbose stack     at EventEmitter.<anonymous> (/Users/michael.wong/.nvm/versions/node/v4.2.6/lib/node_modules/npm/lib/utils/lifecycle.js:255:16)
14 verbose stack     at emitTwo (events.js:87:13)
14 verbose stack     at EventEmitter.emit (events.js:172:7)
14 verbose stack     at ChildProcess.<anonymous> (/Users/michael.wong/.nvm/versions/node/v4.2.6/lib/node_modules/npm/lib/utils/spawn.js:40:14)
14 verbose stack     at emitTwo (events.js:87:13)
14 verbose stack     at ChildProcess.emit (events.js:172:7)
14 verbose stack     at maybeClose (internal/child_process.js:821:16)
14 verbose stack     at Process.ChildProcess._handle.onexit (internal/child_process.js:211:5)
15 verbose pkgid ub-react-static-site-generator@1.0.0
16 verbose cwd /Users/michael.wong/projects/ub-react
17 error Darwin 16.5.0
18 error argv "/Users/michael.wong/.nvm/versions/node/v4.2.6/bin/node" "/Users/michael.wong/.nvm/versions/node/v4.2.6/bin/npm" "run" "serve"
19 error node v4.2.6
20 error npm  v3.10.10
21 error code ELIFECYCLE
22 error ub-react-static-site-generator@1.0.0 serve: `serve dist -p 3000`
22 error Exit status 1
23 error Failed at the ub-react-static-site-generator@1.0.0 serve script 'serve dist -p 3000'.
23 error Make sure you have the latest version of node.js and npm installed.
23 error If you do, this is most likely a problem with the ub-react-static-site-generator package,
23 error not with npm itself.
23 error Tell the author that this fails on your system:
23 error     serve dist -p 3000
23 error You can get information on how to open an issue for this project with:
23 error     npm bugs ub-react-static-site-generator
23 error Or if that isn't available, you can get their info via:
23 error     npm owner ls ub-react-static-site-generator
23 error There is likely additional logging output above.
24 verbose exit [ 1, true ]
